<?xml version="1.0" encoding="UTF-8"?>
<testng-results ignored="0" total="2" passed="2" failed="0" skipped="0">
  <reporter-output>
  </reporter-output>
  <suite started-at="2025-12-16T08:17:23 IST" name="Default suite" finished-at="2025-12-16T08:17:58 IST" duration-ms="35919">
    <groups>
    </groups>
    <test started-at="2025-12-16T08:17:23 IST" name="Default test" finished-at="2025-12-16T08:17:58 IST" duration-ms="35919">
      <class name="JsonArray">
        <test-method signature="jsonarrayway2list()[pri:0, instance:JsonArray@55fe41ea]" started-at="2025-12-16T08:17:23 IST" name="jsonarrayway2list" finished-at="2025-12-16T08:17:48 IST" duration-ms="25636" status="PASS">
          <reporter-output>
          </reporter-output>
        </test-method> <!-- jsonarrayway2list -->
        <test-method signature="jsonarraywayjsonobject()[pri:0, instance:JsonArray@55fe41ea]" started-at="2025-12-16T08:17:48 IST" name="jsonarraywayjsonobject" finished-at="2025-12-16T08:17:58 IST" duration-ms="10194" status="PASS">
          <reporter-output>
          </reporter-output>
        </test-method> <!-- jsonarraywayjsonobject -->
      </class> <!-- JsonArray -->
    </test> <!-- Default test -->
  </suite> <!-- Default suite -->
</testng-results>
