<?xml version="1.0" encoding="UTF-8"?>
<testng-results ignored="0" total="2" passed="2" failed="0" skipped="0">
  <reporter-output>
  </reporter-output>
  <suite started-at="2026-01-01T22:02:07 IST" name="Default suite" finished-at="2026-01-01T22:02:10 IST" duration-ms="3060">
    <groups>
    </groups>
    <test started-at="2026-01-01T22:02:07 IST" name="Default test" finished-at="2026-01-01T22:02:10 IST" duration-ms="3060">
      <class name="JsonIgnoreField">
        <test-method signature="CreateEmployeeObject()[pri:1, instance:JsonIgnoreField@24aed80c]" started-at="2026-01-01T22:02:07 IST" name="CreateEmployeeObject" finished-at="2026-01-01T22:02:10 IST" duration-ms="2977" status="PASS">
          <reporter-output>
          </reporter-output>
        </test-method> <!-- CreateEmployeeObject -->
        <test-method signature="CreateEmployeeClass()[pri:2, instance:JsonIgnoreField@24aed80c]" started-at="2026-01-01T22:02:10 IST" name="CreateEmployeeClass" finished-at="2026-01-01T22:02:10 IST" duration-ms="36" status="PASS">
          <reporter-output>
          </reporter-output>
        </test-method> <!-- CreateEmployeeClass -->
      </class> <!-- JsonIgnoreField -->
    </test> <!-- Default test -->
  </suite> <!-- Default suite -->
</testng-results>
