<?xml version="1.0" encoding="UTF-8"?>
<!-- Generated by org.testng.reporters.JUnitReportReporter -->
<testsuite hostname="DESKTOP-HAIIK4K" failures="0" tests="6" name="com.practice.practice1" time="4.053" errors="0" timestamp="2026-01-23T08:02:18 IST" skipped="5">
  <testcase classname="com.practice.practice1" name="testrequestemail" time="4.053"/>
  <testcase classname="com.practice.practice1" name="postrequest">
    <skipped/>
  </testcase> <!-- postrequest -->
  <testcase classname="com.practice.practice1" name="testdelete">
    <skipped/>
  </testcase> <!-- testdelete -->
  <testcase classname="com.practice.practice1" name="firstgetrequest">
    <skipped/>
  </testcase> <!-- firstgetrequest -->
  <testcase classname="com.practice.practice1" name="postrequestcreateuser">
    <skipped/>
  </testcase> <!-- postrequestcreateuser -->
  <testcase classname="com.practice.practice1" name="postrequestlogin">
    <skipped/>
  </testcase> <!-- postrequestlogin -->
</testsuite> <!-- com.practice.practice1 -->
