<?xml version="1.0" encoding="UTF-8"?>
<!-- Generated by org.testng.reporters.JUnitReportReporter -->
<testsuite hostname="DESKTOP-HAIIK4K" failures="0" tests="2" name="Serialization_and_Deserialization" time="5.882" errors="0" timestamp="2025-12-25T22:09:19 IST" skipped="0">
  <testcase classname="Serialization_and_Deserialization" name="CreatEempJsonFromEmpClass" time="0.543"/>
  <testcase classname="Serialization_and_Deserialization" name="SentEmpJsonCreated" time="5.339"/>
</testsuite> <!-- Serialization_and_Deserialization -->
