<?xml version="1.0" encoding="UTF-8"?>
<!-- Generated by org.testng.reporters.JUnitXMLReporter -->
<testsuite ignored="5" hostname="DESKTOP-HAIIK4K" failures="0" tests="1" name="Default test" time="4.1" errors="0" timestamp="2026-01-23T08:02:18 IST">
  <testcase classname="com.practice.practice1" name="testrequestemail" time="4.053"/>
  <testcase classname="com.practice.practice1" name="postrequest" time="0.0">
    <ignored/>
  </testcase> <!-- postrequest -->
  <testcase classname="com.practice.practice1" name="testdelete" time="0.0">
    <ignored/>
  </testcase> <!-- testdelete -->
  <testcase classname="com.practice.practice1" name="firstgetrequest" time="0.0">
    <ignored/>
  </testcase> <!-- firstgetrequest -->
  <testcase classname="com.practice.practice1" name="postrequestcreateuser" time="0.0">
    <ignored/>
  </testcase> <!-- postrequestcreateuser -->
  <testcase classname="com.practice.practice1" name="postrequestlogin" time="0.0">
    <ignored/>
  </testcase> <!-- postrequestlogin -->
</testsuite> <!-- Default test -->
